{"name":"testLoginCrossBrowser","status":"broken","statusDetails":{"known":false,"muted":false,"flaky":false,"message":"org.openqa.selenium.remote.UnreachableBrowserException: Could not start a new session. Possible causes are invalid address of the remote server or browser start-up failure.\nBuild info: version: '3.141.59', revision: 'e82be7d358', time: '2018-11-14T08:17:03'\nSystem info: host: 'SNOOPY', ip: '192.168.66.2', os.name: 'Windows 10', os.arch: 'amd64', os.version: '10.0', java.version: '1.8.0_191'\nDriver info: driver.version: RemoteWebDriver","trace":"java.lang.RuntimeException: org.openqa.selenium.remote.UnreachableBrowserException: Could not start a new session. Possible causes are invalid address of the remote server or browser start-up failure.\nBuild info: version: '3.141.59', revision: 'e82be7d358', time: '2018-11-14T08:17:03'\nSystem info: host: 'SNOOPY', ip: '192.168.66.2', os.name: 'Windows 10', os.arch: 'amd64', os.version: '10.0', java.version: '1.8.0_191'\nDriver info: driver.version: RemoteWebDriver\r\n\tat utils.Webdriver.getDriver(Webdriver.java:39)\r\n\tat driver.DriverFactory.getDriver(DriverFactory.java:19)\r\n\tat driver.DriverBase.getDriver(DriverBase.java:44)\r\n\tat test.parallel.TestDriverInstances.testLoginCrossBrowser(TestDriverInstances.java:13)\r\n\tat sun.reflect.NativeMethodAccessorImpl.invoke0(Native Method)\r\n\tat sun.reflect.NativeMethodAccessorImpl.invoke(NativeMethodAccessorImpl.java:62)\r\n\tat sun.reflect.DelegatingMethodAccessorImpl.invoke(DelegatingMethodAccessorImpl.java:43)\r\n\tat java.lang.reflect.Method.invoke(Method.java:498)\r\n\tat org.testng.internal.MethodInvocationHelper.invokeMethod(MethodInvocationHelper.java:133)\r\n\tat org.testng.internal.TestInvoker.invokeMethod(TestInvoker.java:598)\r\n\tat org.testng.internal.TestInvoker.invokeTestMethod(TestInvoker.java:173)\r\n\tat org.testng.internal.MethodRunner.runInSequence(MethodRunner.java:46)\r\n\tat org.testng.internal.TestInvoker$MethodInvocationAgent.invoke(TestInvoker.java:824)\r\n\tat org.testng.internal.TestInvoker.invokeTestMethods(TestInvoker.java:146)\r\n\tat org.testng.internal.TestMethodWorker.invokeTestMethods(TestMethodWorker.java:146)\r\n\tat org.testng.internal.TestMethodWorker.run(TestMethodWorker.java:128)\r\n\tat java.util.concurrent.ThreadPoolExecutor.runWorker(ThreadPoolExecutor.java:1149)\r\n\tat java.util.concurrent.ThreadPoolExecutor$Worker.run(ThreadPoolExecutor.java:624)\r\n\tat java.lang.Thread.run(Thread.java:748)\r\n"},"stage":"finished","steps":[],"attachments":[],"parameters":[{"name":"browser","value":"chrome"}],"start":1626532371782,"stop":1626532376385,"uuid":"05079e6b-aecd-46d3-a2fc-43a2cd5ec5e2","historyId":"11a4139ebc290331da9c22c6a341e766","fullName":"test.parallel.TestDriverInstances.testLoginCrossBrowser","labels":[{"name":"package","value":"test.parallel.TestDriverInstances"},{"name":"testClass","value":"test.parallel.TestDriverInstances"},{"name":"testMethod","value":"testLoginCrossBrowser"},{"name":"parentSuite","value":"Webdriver Instances Testing"},{"name":"suite","value":"Driver Factory Test - Chrome"},{"name":"subSuite","value":"test.parallel.TestDriverInstances"},{"name":"host","value":"Snoopy"},{"name":"thread","value":"3568@Snoopy.TestNG-test=Driver Factory Test - Chrome-1(13)"},{"name":"framework","value":"testng"},{"name":"language","value":"java"}],"links":[]}